<?xml version="1.0" encoding="UTF-8"?>
<testng-results ignored="0" total="1" passed="1" failed="0" skipped="0">
  <reporter-output>
  </reporter-output>
  <suite started-at="2020-08-05T17:23:17 IST" name="Default suite" finished-at="2020-08-05T17:23:23 IST" duration-ms="6489">
    <groups>
    </groups>
    <test started-at="2020-08-05T17:23:17 IST" name="Default test" finished-at="2020-08-05T17:23:23 IST" duration-ms="6489">
      <class name="IntegrationTest.ValidationOfPlayerDB">
        <test-method is-config="true" signature="initialize()[pri:0, instance:IntegrationTest.ValidationOfPlayerDB@4fb0f2b9]" started-at="2020-08-05T17:23:17 IST" name="initialize" finished-at="2020-08-05T17:23:18 IST" duration-ms="1738" status="PASS">
          <reporter-output>
          </reporter-output>
        </test-method> <!-- initialize -->
        <test-method signature="createNewPlayer()[pri:0, instance:IntegrationTest.ValidationOfPlayerDB@4fb0f2b9]" started-at="2020-08-05T17:23:18 IST" name="createNewPlayer" finished-at="2020-08-05T17:23:23 IST" duration-ms="4724" status="PASS">
          <reporter-output>
          </reporter-output>
        </test-method> <!-- createNewPlayer -->
      </class> <!-- IntegrationTest.ValidationOfPlayerDB -->
    </test> <!-- Default test -->
  </suite> <!-- Default suite -->
</testng-results>
